Frontend:
  impl: GEM5

MemorySystem:
  impl: GenericDRAM
  total_num_other_requests: 0
  total_num_write_requests: 12830820
  total_num_read_requests: 16790384
  memory_system_cycles: 48158356
  DRAM:
    impl: HBM2
  AddrMapper:
    impl: RoBaRaCoCh


  Controller:
    impl: Generic
    id: Channel 0
    avg_read_latency_0: 535450.812
    read_queue_len_avg_0: 15.9236107
    write_queue_len_0: 534667504
    queue_len_0: 1301522389
    num_other_reqs_0: 0
    num_write_reqs_0: 7308068
    read_latency_0: 5805925335035
    priority_queue_len_avg_0: 0
    row_hits_0: 6842521
    priority_queue_len_0: 0
    row_misses_0: 372322
    row_conflicts_0: 7339602
    read_row_misses_0: 296365
    queue_len_avg_0: 27.0258904
    read_row_conflicts_core_0: 4065900
    read_row_hits_0: 3776770
    write_queue_len_avg_0: 11.1022797
    read_row_conflicts_0: 4065900
    write_row_misses_0: 75957
    write_row_conflicts_0: 3273702
    read_queue_len_0: 766854885
    write_row_hits_0: 3065751
    read_row_hits_core_0: 3776770
    read_row_misses_core_0: 296365
    num_read_reqs_0: 10843060
    Scheduler:
      impl: FRFCFS
    RefreshManager:
      impl: AllBank
    RowPolicy:
      impl: OpenRowPolicy



  Controller:
    impl: Generic
    id: Channel 1
    read_queue_len_avg_1: 24.9202309
    priority_queue_len_1: 0
    write_queue_len_1: 811947662
    num_write_reqs_1: 11045154
    row_hits_1: 7097266
    row_misses_1: 2150189
    avg_read_latency_1: 447393.625
    queue_len_avg_1: 41.7801857
    read_queue_len_1: 1200117387
    read_row_misses_1: 1059601
    priority_queue_len_avg_1: 0
    read_row_hits_1: 4157441
    queue_len_1: 2012065049
    read_row_conflicts_1: 2893829
    num_read_reqs_1: 14584892
    num_other_reqs_1: 0
    row_conflicts_1: 5278826
    write_row_hits_1: 2939825
    write_queue_len_avg_1: 16.8599529
    write_row_misses_1: 1090588
    write_row_conflicts_1: 2384997
    read_row_hits_core_0: 4157441
    read_row_misses_core_0: 1059601
    read_latency_1: 6525187686745
    read_row_conflicts_core_0: 2893829
    Scheduler:
      impl: FRFCFS
    RefreshManager:
      impl: AllBank
    RowPolicy:
      impl: OpenRowPolicy



