Frontend:
  impl: GEM5

MemorySystem:
  impl: GenericDRAM
  total_num_other_requests: 0
  total_num_write_requests: 8051392
  total_num_read_requests: 7160052
  memory_system_cycles: 22795204
  DRAM:
    impl: HBM2
  AddrMapper:
    impl: RoBaRaCoCh


  Controller:
    impl: Generic
    id: Channel 0
    avg_read_latency_0: 2112.35547
    read_queue_len_avg_0: 26.2389812
    write_queue_len_0: 416064509
    queue_len_0: 1014187460
    num_other_reqs_0: 0
    num_write_reqs_0: 5078931
    read_latency_0: 12014329365
    priority_queue_len_avg_0: 0
    row_hits_0: 3567580
    priority_queue_len_0: 0
    row_misses_0: 1487220
    row_conflicts_0: 2549894
    read_row_misses_0: 966937
    queue_len_avg_0: 44.4912643
    read_row_conflicts_core_0: 1437559
    read_row_hits_0: 1174502
    write_queue_len_avg_0: 18.2522831
    read_row_conflicts_0: 1437559
    write_row_misses_0: 520283
    write_row_conflicts_0: 1112335
    read_queue_len_0: 598122951
    write_row_hits_0: 2393078
    read_row_hits_core_0: 1174502
    read_row_misses_core_0: 966937
    num_read_reqs_0: 5687646
    Scheduler:
      impl: FRFCFS
    RefreshManager:
      impl: AllBank
    RowPolicy:
      impl: OpenRowPolicy



  Controller:
    impl: Generic
    id: Channel 1
    read_queue_len_avg_1: 23.5637531
    priority_queue_len_1: 0
    write_queue_len_1: 413753632
    num_write_reqs_1: 4929048
    row_hits_1: 3487761
    row_misses_1: 1476269
    avg_read_latency_1: 1926.96692
    queue_len_avg_1: 41.7146568
    read_queue_len_1: 537140539
    read_row_misses_1: 990153
    priority_queue_len_avg_1: 0
    read_row_hits_1: 1105014
    queue_len_1: 950894171
    read_row_conflicts_1: 1483866
    num_read_reqs_1: 5865596
    num_other_reqs_1: 0
    row_conflicts_1: 2640699
    write_row_hits_1: 2382747
    write_queue_len_avg_1: 18.1509075
    write_row_misses_1: 486116
    write_row_conflicts_1: 1156833
    read_row_hits_core_0: 1105014
    read_row_misses_core_0: 990153
    read_latency_1: 11302810064
    read_row_conflicts_core_0: 1483866
    Scheduler:
      impl: FRFCFS
    RefreshManager:
      impl: AllBank
    RowPolicy:
      impl: OpenRowPolicy



