Frontend:
  impl: GEM5

MemorySystem:
  impl: GenericDRAM
  total_num_other_requests: 0
  total_num_write_requests: 297029488
  total_num_read_requests: 558113508
  memory_system_cycles: 1591281500
  DRAM:
    impl: HBM2
  AddrMapper:
    impl: RoBaRaCoCh


  Controller:
    impl: Generic
    id: Channel 0
    avg_read_latency_0: 716470.125
    read_queue_len_avg_0: 30.8904762
    write_queue_len_0: 24038486135
    queue_len_0: 73193929492
    num_other_reqs_0: 0
    num_write_reqs_0: 214734553
    read_latency_0: 409367631746340
    priority_queue_len_avg_0: 0
    row_hits_0: 91333798
    priority_queue_len_0: 0
    row_misses_0: 134537314
    row_conflicts_0: 201239039
    read_row_misses_0: 90316532
    queue_len_avg_0: 45.9968452
    read_row_conflicts_core_0: 129009215
    read_row_hits_0: 59269660
    write_queue_len_avg_0: 15.106369
    read_row_conflicts_0: 129009215
    write_row_misses_0: 44220782
    write_row_conflicts_0: 72229824
    read_queue_len_0: 49155443357
    write_row_hits_0: 32064138
    read_row_hits_core_0: 59269660
    read_row_misses_core_0: 90316532
    num_read_reqs_0: 571367369
    Scheduler:
      impl: FRFCFS
    RefreshManager:
      impl: AllBank
    RowPolicy:
      impl: OpenRowPolicy



  Controller:
    impl: Generic
    id: Channel 1
    read_queue_len_avg_1: 30.9258842
    priority_queue_len_1: 0
    write_queue_len_1: 24079147618
    num_write_reqs_1: 214071703
    row_hits_1: 90360234
    row_misses_1: 135010437
    avg_read_latency_1: 735628.125
    queue_len_avg_1: 46.0578079
    read_queue_len_1: 49211788877
    read_row_misses_1: 90868886
    priority_queue_len_avg_1: 0
    read_row_hits_1: 58457639
    queue_len_1: 73290936495
    read_row_conflicts_1: 129263388
    num_read_reqs_1: 553981523
    num_other_reqs_1: 0
    row_conflicts_1: 201733986
    write_row_hits_1: 31902595
    write_queue_len_avg_1: 15.1319218
    write_row_misses_1: 44141551
    write_row_conflicts_1: 72470598
    read_row_hits_core_0: 58457639
    read_row_misses_core_0: 90868886
    read_latency_1: 407524371403989
    read_row_conflicts_core_0: 129263388
    Scheduler:
      impl: FRFCFS
    RefreshManager:
      impl: AllBank
    RowPolicy:
      impl: OpenRowPolicy



